<?xml version="1.0" encoding="UTF-8"?>
<!-- Generated by org.testng.reporters.JUnitReportReporter -->
<testsuite hostname="LTIN237798" failures="0" tests="7" name="testsuite.TestCase" time="0.015" errors="1" timestamp="2022-01-18T16:13:32 IST" skipped="6">
  <testcase classname="testsuite.TestCase" name="callingBrowser" time="0.015">
    <error message="&#039;org.openqa.selenium.chrome.ChromeOptions org.openqa.selenium.chrome.ChromeOptions.addArguments(java.lang.String[])&#039;" type="java.lang.NoSuchMethodError">
      <![CDATA[java.lang.NoSuchMethodError: 'org.openqa.selenium.chrome.ChromeOptions org.openqa.selenium.chrome.ChromeOptions.addArguments(java.lang.String[])'
at browserconfiguration.Browser.startChromeBrowser(Browser.java:67)
at browserconfiguration.Browser.setDriver(Browser.java:40)
at testsuite.TestCase.callingBrowser(TestCase.java:41)
at java.base/jdk.internal.reflect.NativeMethodAccessorImpl.invoke0(Native Method)
at java.base/jdk.internal.reflect.NativeMethodAccessorImpl.invoke(NativeMethodAccessorImpl.java:77)
at java.base/jdk.internal.reflect.DelegatingMethodAccessorImpl.invoke(DelegatingMethodAccessorImpl.java:43)
at java.base/java.lang.reflect.Method.invoke(Method.java:568)
at org.testng.internal.MethodInvocationHelper.invokeMethod(MethodInvocationHelper.java:133)
at org.testng.internal.MethodInvocationHelper.invokeMethodConsideringTimeout(MethodInvocationHelper.java:62)
at org.testng.internal.ConfigInvoker.invokeConfigurationMethod(ConfigInvoker.java:385)
at org.testng.internal.ConfigInvoker.invokeConfigurations(ConfigInvoker.java:321)
at org.testng.TestRunner.invokeTestConfigurations(TestRunner.java:637)
at org.testng.TestRunner.beforeRun(TestRunner.java:627)
at org.testng.TestRunner.run(TestRunner.java:589)
at org.testng.SuiteRunner.runTest(SuiteRunner.java:377)
at org.testng.SuiteRunner.runSequentially(SuiteRunner.java:371)
at org.testng.SuiteRunner.privateRun(SuiteRunner.java:332)
at org.testng.SuiteRunner.run(SuiteRunner.java:276)
at org.testng.SuiteRunnerWorker.runSuite(SuiteRunnerWorker.java:53)
at org.testng.SuiteRunnerWorker.run(SuiteRunnerWorker.java:96)
at org.testng.TestNG.runSuitesSequentially(TestNG.java:1212)
at org.testng.TestNG.runSuitesLocally(TestNG.java:1134)
at org.testng.TestNG.runSuites(TestNG.java:1063)
at org.testng.TestNG.run(TestNG.java:1031)
at org.testng.remote.AbstractRemoteTestNG.run(AbstractRemoteTestNG.java:115)
at org.testng.remote.RemoteTestNG.initAndRun(RemoteTestNG.java:251)
at org.testng.remote.RemoteTestNG.main(RemoteTestNG.java:77)
]]>
    </error>
  </testcase> <!-- callingBrowser -->
  <system-out/>
  <testcase classname="testsuite.TestCase" name="displayUpcomingHondaBikesTest" time="0.000">
    <skipped/>
  </testcase> <!-- displayUpcomingHondaBikesTest -->
  <system-out/>
  <testcase classname="testsuite.TestCase" name="displayPopularUsedCarsModelsTest" time="0.000">
    <skipped/>
  </testcase> <!-- displayPopularUsedCarsModelsTest -->
  <system-out/>
  <testcase classname="testsuite.TestCase" name="verifyLoginTest" time="0.000">
    <skipped/>
  </testcase> <!-- verifyLoginTest -->
  <system-out/>
  <testcase classname="testsuite.TestCase" name="verifyingUpComingHondaBikesTest">
    <skipped/>
  </testcase> <!-- verifyingUpComingHondaBikesTest -->
  <system-out/>
  <testcase classname="testsuite.TestCase" name="verifyPopularCarModel">
    <skipped/>
  </testcase> <!-- verifyPopularCarModel -->
  <system-out/>
  <testcase classname="testsuite.TestCase" name="verifyLoginFunctionalTest">
    <skipped/>
  </testcase> <!-- verifyLoginFunctionalTest -->
  <system-out/>
</testsuite> <!-- testsuite.TestCase -->
